<?xml version="1.0" encoding="UTF-8" ?>
<testsuite tests="8" failures="0" name="my.antonov.tests.CucumberRunnerTest" time="0.015" errors="0" skipped="0">
  <properties>
    <property name="java.runtime.name" value="Java(TM) SE Runtime Environment"/>
    <property name="sun.boot.library.path" value="c:\Program Files\Java\jdk1.8.0_05\jre\bin"/>
    <property name="java.vm.version" value="25.5-b02"/>
    <property name="java.vm.vendor" value="Oracle Corporation"/>
    <property name="java.vendor.url" value="http://java.oracle.com/"/>
    <property name="path.separator" value=";"/>
    <property name="guice.disable.misplaced.annotation.check" value="true"/>
    <property name="java.vm.name" value="Java HotSpot(TM) 64-Bit Server VM"/>
    <property name="file.encoding.pkg" value="sun.io"/>
    <property name="user.script" value=""/>
    <property name="user.country" value="RU"/>
    <property name="sun.java.launcher" value="SUN_STANDARD"/>
    <property name="sun.os.patch.level" value=""/>
    <property name="java.vm.specification.name" value="Java Virtual Machine Specification"/>
    <property name="user.dir" value="A:\tmp\CucumberExample"/>
    <property name="java.runtime.version" value="1.8.0_05-b13"/>
    <property name="java.awt.graphicsenv" value="sun.awt.Win32GraphicsEnvironment"/>
    <property name="java.endorsed.dirs" value="c:\Program Files\Java\jdk1.8.0_05\jre\lib\endorsed"/>
    <property name="os.arch" value="amd64"/>
    <property name="java.io.tmpdir" value="C:\Users\alex\AppData\Local\Temp\"/>
    <property name="line.separator" value="
"/>
    <property name="java.vm.specification.vendor" value="Oracle Corporation"/>
    <property name="user.variant" value=""/>
    <property name="os.name" value="Windows 8.1"/>
    <property name="classworlds.conf" value="c:/Maven/bin/m2.conf"/>
    <property name="sun.jnu.encoding" value="Cp1251"/>
    <property name="java.library.path" value="c:\Program Files\Java\jdk1.8.0_05\bin;C:\WINDOWS\Sun\Java\bin;C:\WINDOWS\system32;C:\WINDOWS;c:\Users\alex\bin;.;C:\Program Files (x86)\Git\local\bin;C:\Program Files (x86)\Git\mingw\bin;C:\Program Files (x86)\Git\bin;c:\ProgramData\Oracle\Java\javapath;c:\WINDOWS\system32;c:\WINDOWS;c:\WINDOWS\System32\Wbem;c:\WINDOWS\System32\WindowsPowerShell\v1.0\;c:\Program Files\Microsoft\Web Platform Installer\;c:\Program Files (x86)\Microsoft ASP.NET\ASP.NET Web Pages\v1.0\;c:\Program Files (x86)\Windows Kits\8.0\Windows Performance Toolkit\;c:\Program Files\Microsoft SQL Server\110\Tools\Binn\;c:\Python27;c:\Program Files\OpenNI2;c:\Program Files (x86)\IVI Foundation\VISA\WinNT\Bin;c:\Program Files (x86)\CMake\bin;c:\Program Files (x86)\Prime Sense\NITE\Bin;c:\MinGW\bin;c:\Program Files (x86)\Microsoft SDKs\Windows\v7.0A\Bin\;c:\Program Files (x86)\Microsoft SDKs\Windows\v7.0\;c:\opencv\build\x64\vc9\bin;c:\Program Files (x86)\Skype\Phone\;c:\Program Files\MySQL\MySQL Utilities 1.6\;c:\Users\alex\Anaconda;c:\Users\alex\Anaconda\Scripts;c:\Maven\bin;c:\Program Files (x86)\Android\android-sdk\tools;c:\Python27;c:\Program Files\Java\jdk1.8.0_05\bin;c:\opencv\build\java\x64\;c:\Users\alex\AppData\Local\Microsoft\WindowsApps;.;."/>
    <property name="java.specification.name" value="Java Platform API Specification"/>
    <property name="java.class.version" value="52.0"/>
    <property name="sun.management.compiler" value="HotSpot 64-Bit Tiered Compilers"/>
    <property name="os.version" value="6.3"/>
    <property name="user.home" value="C:\Users\alex"/>
    <property name="user.timezone" value="Asia/Bangkok"/>
    <property name="java.awt.printerjob" value="sun.awt.windows.WPrinterJob"/>
    <property name="java.specification.version" value="1.8"/>
    <property name="file.encoding" value="Cp1251"/>
    <property name="user.name" value="alex"/>
    <property name="java.class.path" value="c:/Maven/boot/plexus-classworlds-2.5.1.jar"/>
    <property name="org.slf4j.simpleLogger.defaultLogLevel" value="info"/>
    <property name="java.vm.specification.version" value="1.8"/>
    <property name="sun.arch.data.model" value="64"/>
    <property name="java.home" value="c:\Program Files\Java\jdk1.8.0_05\jre"/>
    <property name="sun.java.command" value="org.codehaus.plexus.classworlds.launcher.Launcher clean test site"/>
    <property name="java.specification.vendor" value="Oracle Corporation"/>
    <property name="user.language" value="ru"/>
    <property name="awt.toolkit" value="sun.awt.windows.WToolkit"/>
    <property name="java.vm.info" value="mixed mode"/>
    <property name="java.version" value="1.8.0_05"/>
    <property name="java.ext.dirs" value="c:\Program Files\Java\jdk1.8.0_05\jre\lib\ext;C:\WINDOWS\Sun\Java\lib\ext"/>
    <property name="sun.boot.class.path" value="c:\Program Files\Java\jdk1.8.0_05\jre\lib\resources.jar;c:\Program Files\Java\jdk1.8.0_05\jre\lib\rt.jar;c:\Program Files\Java\jdk1.8.0_05\jre\lib\sunrsasign.jar;c:\Program Files\Java\jdk1.8.0_05\jre\lib\jsse.jar;c:\Program Files\Java\jdk1.8.0_05\jre\lib\jce.jar;c:\Program Files\Java\jdk1.8.0_05\jre\lib\charsets.jar;c:\Program Files\Java\jdk1.8.0_05\jre\lib\jfr.jar;c:\Program Files\Java\jdk1.8.0_05\jre\classes"/>
    <property name="sun.stderr.encoding" value="cp866"/>
    <property name="java.vendor" value="Oracle Corporation"/>
    <property name="maven.home" value="c:\Maven"/>
    <property name="file.separator" value="\"/>
    <property name="java.vendor.url.bug" value="http://bugreport.sun.com/bugreport/"/>
    <property name="sun.cpu.endian" value="little"/>
    <property name="sun.io.unicode.encoding" value="UnicodeLittle"/>
    <property name="sun.stdout.encoding" value="cp866"/>
    <property name="sun.desktop" value="windows"/>
    <property name="sun.cpu.isalist" value="amd64"/>
  </properties>
  <testcase classname="| валидными | удачно |" name="Допустим я захожу на тестируемый сайт" time="0.004"/>
  <testcase classname="| валидными | удачно |" name="Если попытаться залогиниться с &quot;валидными&quot; данными" time="0"/>
  <testcase classname="| валидными | удачно |" name="То логирование пройдет удачно" time="0"/>
  <testcase classname="| валидными | удачно |" name="| валидными | удачно |" time="0.001"/>
  <testcase classname="| инвалидными | неудачно |" name="Допустим я захожу на тестируемый сайт" time="0"/>
  <testcase classname="| инвалидными | неудачно |" name="Если попытаться залогиниться с &quot;инвалидными&quot; данными" time="0.001"/>
  <testcase classname="| инвалидными | неудачно |" name="То логирование пройдет неудачно" time="0"/>
  <testcase classname="| инвалидными | неудачно |" name="| инвалидными | неудачно |" time="0.009"/>
</testsuite>